#
# A fatal error has been detected by the Java Runtime Environment:
#
#  EXCEPTION_ACCESS_VIOLATION (0xc0000005) at pc=0x000000005d8868a8, pid=30468, tid=0x00000000000087a8
#
# JRE version: Java(TM) SE Runtime Environment (8.0_141-b15) (build 1.8.0_141-b15)
# Java VM: Java HotSpot(TM) 64-Bit Server VM (25.141-b15 mixed mode windows-amd64 compressed oops)
# Problematic frame:
# C  [jfxwebkit.dll+0x8e68a8]
#
# Failed to write core dump. Minidumps are not enabled by default on client versions of Windows
#
# If you would like to submit a bug report, please visit:
#   http://bugreport.java.com/bugreport/crash.jsp
# The crash happened outside the Java Virtual Machine in native code.
# See problematic frame for where to report the bug.
#

---------------  T H R E A D  ---------------

Current thread (0x000000001a2d9000):  JavaThread "JavaFX Application Thread" [_thread_in_native, id=34728, stack(0x000000001b250000,0x000000001b350000)]

siginfo: ExceptionCode=0xc0000005, writing address 0x0000000000000000

Registers:
RAX=0x000000001b34c398, RBX=0x000000002ca2a028, RCX=0x0000000000000000, RDX=0x000000005e246e44
RSP=0x000000001b34c340, RBP=0x000000001b34c408, RSI=0x000000005f5bf810, RDI=0x000000001b34c3b0
R8 =0x0000000000000000, R9 =0xffffffffc65115d4, R10=0x0000000000000005, R11=0x000000001b34c100
R12=0x000000002ca2a001, R13=0x000000000000000a, R14=0x0000000000000000, R15=0x000000002ca2a028
RIP=0x000000005d8868a8, EFLAGS=0x0000000000010202

Top of Stack: (sp=0x000000001b34c340)
0x000000001b34c340:   0000000000000000 000000002ca2a028
0x000000001b34c350:   000000001b34c408 000000005d1b03ee
0x000000001b34c360:   0000000000000000 0000000000000000
0x000000001b34c370:   0000000000000000 000000001b34c408
0x000000001b34c380:   000000002c20a8b8 000000005d55d358
0x000000001b34c390:   0000000000000000 0000000000000000
0x000000001b34c3a0:   000000002c20a8a0 0000000000000000
0x000000001b34c3b0:   0000000000000000 0000000000000000
0x000000001b34c3c0:   0000000000000000 000000005d6f99b8
0x000000001b34c3d0:   000000001b34c3e0 0000000000000001
0x000000001b34c3e0:   000000002ca75450 000000005d61edef
0x000000001b34c3f0:   0000226f532e3155 000000005d6f2bc7
0x000000001b34c400:   0000000000000008 000000002ca40340
0x000000001b34c410:   000000002ca40b90 000000002ca2a028
0x000000001b34c420:   000000001b34c560 000000005d55c971
0x000000001b34c430:   000000000000004e 00000000ffffffff 

Instructions: (pc=0x000000005d8868a8)
0x000000005d886888:   48 8b ce 48 c7 44 24 28 00 00 00 00 48 c7 44 24
0x000000005d886898:   20 00 00 00 00 e8 5e c8 cc ff 48 8b 08 48 89 0f
0x000000005d8868a8:   ff 01 48 8b 5c 24 58 48 c7 44 24 58 00 00 00 00
0x000000005d8868b8:   48 85 db 74 2b 8b 03 ff c8 74 15 89 03 48 8b c7 


Register to memory mapping:

RAX=0x000000001b34c398 is pointing into the stack for thread: 0x000000001a2d9000
RBX=0x000000002ca2a028 is an unknown value
RCX=0x0000000000000000 is an unknown value
RDX=0x000000005e246e44 is an unknown value
RSP=0x000000001b34c340 is pointing into the stack for thread: 0x000000001a2d9000
RBP=0x000000001b34c408 is pointing into the stack for thread: 0x000000001a2d9000
RSI=0x000000005f5bf810 is an unknown value
RDI=0x000000001b34c3b0 is pointing into the stack for thread: 0x000000001a2d9000
R8 =0x0000000000000000 is an unknown value
R9 =0xffffffffc65115d4 is an unknown value
R10=0x0000000000000005 is an unknown value
R11=0x000000001b34c100 is pointing into the stack for thread: 0x000000001a2d9000
R12=0x000000002ca2a001 is an unknown value
R13=0x000000000000000a is an unknown value
R14=0x0000000000000000 is an unknown value
R15=0x000000002ca2a028 is an unknown value


Stack: [0x000000001b250000,0x000000001b350000],  sp=0x000000001b34c340,  free space=1008k
Native frames: (J=compiled Java code, j=interpreted, Vv=VM code, C=native code)
C  [jfxwebkit.dll+0x8e68a8]
C  [jfxwebkit.dll+0x5bd358]
C  [jfxwebkit.dll+0x5bc971]
C  [jfxwebkit.dll+0x754c5f]
C  [jfxwebkit.dll+0x755b56]
C  [jfxwebkit.dll+0x758c5e]
C  [jfxwebkit.dll+0x6664f0]
C  [jfxwebkit.dll+0x666ac0]
C  [jfxwebkit.dll+0x6545cc]
C  [jfxwebkit.dll+0x68cdd3]
C  [jfxwebkit.dll+0x6871b8]
C  [jfxwebkit.dll+0x685e52]
C  [jfxwebkit.dll+0x683727]
C  [jfxwebkit.dll+0x69396a]
C  [jfxwebkit.dll+0x65cd0f]
C  [jfxwebkit.dll+0x6706d2]
C  [jfxwebkit.dll+0x66af8c]
C  [jfxwebkit.dll+0x657c1f]
C  [jfxwebkit.dll+0x657f24]
C  [jfxwebkit.dll+0x658077]
C  [jfxwebkit.dll+0x66b63b]
C  [jfxwebkit.dll+0x657c1f]
C  [jfxwebkit.dll+0x76be6d]
C  [jfxwebkit.dll+0x534827]
C  [jfxwebkit.dll+0x53a870]
C  0x0000000003507f74

Java frames: (J=compiled Java code, j=interpreted, Vv=VM code)
j  com.sun.webkit.WebPage.twkPrePaint(J)V+0
j  com.sun.webkit.WebPage.updateDirty(Lcom/sun/webkit/graphics/WCRectangle;)V+117
j  com.sun.webkit.WebPage.updateContent(Lcom/sun/webkit/graphics/WCRectangle;)V+48
j  com.sun.javafx.sg.prism.web.NGWebView.update()V+68
j  javafx.scene.web.WebView.handleStagePulse()V+40
j  javafx.scene.web.WebView.lambda$new$29()V+1
j  javafx.scene.web.WebView$$Lambda$116.pulse()V+4
j  com.sun.javafx.tk.Toolkit.lambda$runPulse$30(Lcom/sun/javafx/tk/TKPulseListener;)Ljava/lang/Void;+1
j  com.sun.javafx.tk.Toolkit$$Lambda$167.run()Ljava/lang/Object;+4
v  ~StubRoutines::call_stub
J 2006  java.security.AccessController.doPrivileged(Ljava/security/PrivilegedAction;Ljava/security/AccessControlContext;)Ljava/lang/Object; (0 bytes) @ 0x0000000003b6dbe6 [0x0000000003b6db80+0x66]
j  com.sun.javafx.tk.Toolkit.runPulse(Lcom/sun/javafx/tk/TKPulseListener;Ljava/security/AccessControlContext;)V+21
j  com.sun.javafx.tk.Toolkit.firePulse()V+129
j  com.sun.javafx.tk.quantum.QuantumToolkit.pulse(Z)V+97
j  com.sun.javafx.tk.quantum.QuantumToolkit.pulse()V+2
j  com.sun.javafx.tk.quantum.QuantumToolkit.lambda$runToolkit$404()V+1
j  com.sun.javafx.tk.quantum.QuantumToolkit$$Lambda$42.run()V+4
j  com.sun.glass.ui.InvokeLaterDispatcher$Future.run()V+4
v  ~StubRoutines::call_stub
j  com.sun.glass.ui.win.WinApplication._runLoop(Ljava/lang/Runnable;)V+0
j  com.sun.glass.ui.win.WinApplication.lambda$null$148(ILjava/lang/Runnable;)V+8
j  com.sun.glass.ui.win.WinApplication$$Lambda$38.run()V+12
j  java.lang.Thread.run()V+11
v  ~StubRoutines::call_stub

---------------  P R O C E S S  ---------------

Java Threads: ( => current thread )
  0x00000000226e1000 JavaThread "URL-Loader-15" daemon [_thread_blocked, id=10656, stack(0x000000002e780000,0x000000002e880000)]
  0x00000000226de800 JavaThread "URL-Loader-14" daemon [_thread_blocked, id=28664, stack(0x000000002e680000,0x000000002e780000)]
  0x00000000226df800 JavaThread "URL-Loader-13" daemon [_thread_blocked, id=13976, stack(0x000000002e580000,0x000000002e680000)]
  0x00000000226e2800 JavaThread "URL-Loader-12" daemon [_thread_blocked, id=24172, stack(0x000000002e180000,0x000000002e280000)]
  0x00000000226d4800 JavaThread "URL-Loader-11" daemon [_thread_blocked, id=17404, stack(0x000000002df80000,0x000000002e080000)]
  0x00000000226db800 JavaThread "URL-Loader-10" daemon [_thread_blocked, id=30048, stack(0x000000002baf0000,0x000000002bbf0000)]
  0x00000000226da000 JavaThread "URL-Loader-9" daemon [_thread_blocked, id=22952, stack(0x000000002b9f0000,0x000000002baf0000)]
  0x00000000226da800 JavaThread "URL-Loader-8" daemon [_thread_blocked, id=18980, stack(0x000000002b8f0000,0x000000002b9f0000)]
  0x00000000226d9000 JavaThread "URL-Loader-7" daemon [_thread_blocked, id=3040, stack(0x000000002b7f0000,0x000000002b8f0000)]
  0x00000000226d7000 JavaThread "URL-Loader-6" daemon [_thread_blocked, id=812, stack(0x000000002b270000,0x000000002b370000)]
  0x00000000226d6000 JavaThread "URL-Loader-5" daemon [_thread_blocked, id=19092, stack(0x000000002b170000,0x000000002b270000)]
  0x00000000226d5800 JavaThread "URL-Loader-4" daemon [_thread_blocked, id=23436, stack(0x000000002b070000,0x000000002b170000)]
  0x0000000022450800 JavaThread "URL-Loader-3" daemon [_thread_blocked, id=15196, stack(0x000000002af70000,0x000000002b070000)]
  0x0000000022455800 JavaThread "URL-Loader-2" daemon [_thread_blocked, id=14308, stack(0x000000002ae70000,0x000000002af70000)]
  0x0000000022457000 JavaThread "Image Fetcher 1" daemon [_thread_blocked, id=19772, stack(0x0000000026d00000,0x0000000026e00000)]
  0x0000000022454000 JavaThread "Image Fetcher 0" daemon [_thread_blocked, id=30832, stack(0x0000000026c00000,0x0000000026d00000)]
  0x0000000022455000 JavaThread "Prism Font Disposer" daemon [_thread_blocked, id=21496, stack(0x0000000026b00000,0x0000000026c00000)]
  0x0000000022453800 JavaThread "URL-Loader-1" daemon [_thread_blocked, id=7644, stack(0x0000000025960000,0x0000000025a60000)]
  0x0000000022452000 JavaThread "Disposer" daemon [_thread_blocked, id=864, stack(0x0000000025660000,0x0000000025760000)]
  0x0000000022452800 JavaThread "DestroyJavaVM" [_thread_blocked, id=3136, stack(0x00000000030a0000,0x00000000031a0000)]
  0x000000001a8df000 JavaThread "AWT-EventQueue-0" [_thread_blocked, id=34528, stack(0x0000000023720000,0x0000000023820000)]
  0x000000001a79f000 JavaThread "AWT-Shutdown" [_thread_blocked, id=26428, stack(0x0000000023520000,0x0000000023620000)]
  0x000000001a79e000 JavaThread "Java2D Disposer" daemon [_thread_blocked, id=15376, stack(0x0000000023420000,0x0000000023520000)]
  0x000000001a395800 JavaThread "Keep-Alive-Timer" daemon [_thread_blocked, id=30824, stack(0x0000000021c50000,0x0000000021d50000)]
  0x000000001a30e800 JavaThread "Thread-2" daemon [_thread_in_native, id=13968, stack(0x0000000021b50000,0x0000000021c50000)]
=>0x000000001a2d9000 JavaThread "JavaFX Application Thread" [_thread_in_native, id=34728, stack(0x000000001b250000,0x000000001b350000)]
  0x000000001a2d8800 JavaThread "Thread-1" daemon [_thread_blocked, id=29232, stack(0x000000001b150000,0x000000001b250000)]
  0x00000000197b3800 JavaThread "Service Thread" daemon [_thread_blocked, id=32024, stack(0x0000000019ec0000,0x0000000019fc0000)]
  0x0000000019731800 JavaThread "C1 CompilerThread2" daemon [_thread_blocked, id=30876, stack(0x0000000019dc0000,0x0000000019ec0000)]
  0x000000001971f000 JavaThread "C2 CompilerThread1" daemon [_thread_blocked, id=17468, stack(0x0000000019cc0000,0x0000000019dc0000)]
  0x0000000019718800 JavaThread "C2 CompilerThread0" daemon [_thread_blocked, id=12500, stack(0x0000000019bc0000,0x0000000019cc0000)]
  0x00000000180b3800 JavaThread "Monitor Ctrl-Break" daemon [_thread_in_native, id=3928, stack(0x0000000019ac0000,0x0000000019bc0000)]
  0x0000000018068800 JavaThread "Attach Listener" daemon [_thread_blocked, id=17768, stack(0x00000000195c0000,0x00000000196c0000)]
  0x0000000018067800 JavaThread "Signal Dispatcher" daemon [_thread_blocked, id=19400, stack(0x00000000194c0000,0x00000000195c0000)]
  0x00000000034ed800 JavaThread "Finalizer" daemon [_thread_blocked, id=26760, stack(0x00000000192b0000,0x00000000193b0000)]
  0x00000000034e2000 JavaThread "Reference Handler" daemon [_thread_blocked, id=34700, stack(0x00000000191b0000,0x00000000192b0000)]

Other Threads:
  0x0000000018027800 VMThread [stack: 0x00000000190b0000,0x00000000191b0000] [id=1564]
  0x00000000197bb800 WatcherThread [stack: 0x000000001a110000,0x000000001a210000] [id=16424]

VM state:not at safepoint (normal execution)

VM Mutex/Monitor currently owned by a thread: None

Heap:
 PSYoungGen      total 142848K, used 11446K [0x00000000d5c00000, 0x00000000df600000, 0x0000000100000000)
  eden space 135168K, 3% used [0x00000000d5c00000,0x00000000d60b63d0,0x00000000de000000)
  from space 7680K, 86% used [0x00000000dee80000,0x00000000df4f7460,0x00000000df600000)
  to   space 11264K, 0% used [0x00000000de000000,0x00000000de000000,0x00000000deb00000)
 ParOldGen       total 74240K, used 11574K [0x0000000081400000, 0x0000000085c80000, 0x00000000d5c00000)
  object space 74240K, 15% used [0x0000000081400000,0x0000000081f4db50,0x0000000085c80000)
 Metaspace       used 25745K, capacity 26598K, committed 26880K, reserved 1073152K
  class space    used 3355K, capacity 3556K, committed 3584K, reserved 1048576K

Card table byte_map: [0x00000000128b0000,0x0000000012cb0000] byte_map_base: 0x00000000124a6000

Marking Bits: (ParMarkBitMap*) 0x000000006058d850
 Begin Bits: [0x0000000013360000, 0x0000000015310000)
 End Bits:   [0x0000000015310000, 0x00000000172c0000)

Polling page: 0x00000000013d0000

CodeCache: size=245760Kb used=8206Kb max_used=8216Kb free=237553Kb
 bounds [0x00000000034f0000, 0x0000000003d00000, 0x00000000124f0000]
 total_blobs=3464 nmethods=2613 adapters=763
 compilation: enabled

Compilation events (10 events):
Event: 2.993 Thread 0x0000000019731800 2605       3       sun.nio.cs.StreamEncoder::implFlushBuffer (15 bytes)
Event: 2.993 Thread 0x0000000019731800 nmethod 2605 0x0000000003cef4d0 code [0x0000000003cef640, 0x0000000003cef8a8]
Event: 2.993 Thread 0x0000000019731800 2606       3       sun.nio.cs.StreamEncoder::writeBytes (132 bytes)
Event: 2.994 Thread 0x0000000019731800 nmethod 2606 0x0000000003cf3c10 code [0x0000000003cf3e20, 0x0000000003cf4a78]
Event: 2.994 Thread 0x0000000019731800 2607       3       sun.nio.cs.UTF_8$Encoder::encodeLoop (28 bytes)
Event: 2.994 Thread 0x0000000019731800 nmethod 2607 0x0000000003cf4f10 code [0x0000000003cf50a0, 0x0000000003cf55d8]
Event: 2.994 Thread 0x0000000019731800 2608       3       java.io.OutputStreamWriter::flushBuffer (8 bytes)
Event: 2.994 Thread 0x0000000019731800 nmethod 2608 0x0000000003cef110 code [0x0000000003cef280, 0x0000000003cef428]
Event: 2.994 Thread 0x0000000019731800 2609   !   3       sun.nio.cs.StreamEncoder::write (78 bytes)
Event: 2.994 Thread 0x0000000019731800 nmethod 2609 0x0000000003cf5750 code [0x0000000003cf5920, 0x0000000003cf6048]

GC Heap History (10 events):
Event: 2.059 GC heap before
{Heap before GC invocations=5 (full 1):
 PSYoungGen      total 38400K, used 34570K [0x00000000d5c00000, 0x00000000d9080000, 0x0000000100000000)
  eden space 33280K, 99% used [0x00000000d5c00000,0x00000000d7c71ae8,0x00000000d7c80000)
  from space 5120K, 26% used [0x00000000d7c80000,0x00000000d7dd0e60,0x00000000d8180000)
  to   space 5120K, 0% used [0x00000000d8b80000,0x00000000d8b80000,0x00000000d9080000)
 ParOldGen       total 74240K, used 10471K [0x0000000081400000, 0x0000000085c80000, 0x00000000d5c00000)
  object space 74240K, 14% used [0x0000000081400000,0x0000000081e39d80,0x0000000085c80000)
 Metaspace       used 24343K, capacity 25086K, committed 25216K, reserved 1071104K
  class space    used 3184K, capacity 3348K, committed 3456K, reserved 1048576K
Event: 2.061 GC heap after
Heap after GC invocations=5 (full 1):
 PSYoungGen      total 48640K, used 1344K [0x00000000d5c00000, 0x00000000d9c80000, 0x0000000100000000)
  eden space 43520K, 0% used [0x00000000d5c00000,0x00000000d5c00000,0x00000000d8680000)
  from space 5120K, 26% used [0x00000000d8b80000,0x00000000d8cd0250,0x00000000d9080000)
  to   space 5120K, 0% used [0x00000000d8680000,0x00000000d8680000,0x00000000d8b80000)
 ParOldGen       total 74240K, used 10479K [0x0000000081400000, 0x0000000085c80000, 0x00000000d5c00000)
  object space 74240K, 14% used [0x0000000081400000,0x0000000081e3bd80,0x0000000085c80000)
 Metaspace       used 24343K, capacity 25086K, committed 25216K, reserved 1071104K
  class space    used 3184K, capacity 3348K, committed 3456K, reserved 1048576K
}
Event: 2.069 GC heap before
{Heap before GC invocations=6 (full 1):
 PSYoungGen      total 48640K, used 44770K [0x00000000d5c00000, 0x00000000d9c80000, 0x0000000100000000)
  eden space 43520K, 99% used [0x00000000d5c00000,0x00000000d86686b0,0x00000000d8680000)
  from space 5120K, 26% used [0x00000000d8b80000,0x00000000d8cd0250,0x00000000d9080000)
  to   space 5120K, 0% used [0x00000000d8680000,0x00000000d8680000,0x00000000d8b80000)
 ParOldGen       total 74240K, used 10479K [0x0000000081400000, 0x0000000085c80000, 0x00000000d5c00000)
  object space 74240K, 14% used [0x0000000081400000,0x0000000081e3bd80,0x0000000085c80000)
 Metaspace       used 24344K, capacity 25086K, committed 25216K, reserved 1071104K
  class space    used 3184K, capacity 3348K, committed 3456K, reserved 1048576K
Event: 2.070 GC heap after
Heap after GC invocations=6 (full 1):
 PSYoungGen      total 48640K, used 1423K [0x00000000d5c00000, 0x00000000dbf00000, 0x0000000100000000)
  eden space 43520K, 0% used [0x00000000d5c00000,0x00000000d5c00000,0x00000000d8680000)
  from space 5120K, 27% used [0x00000000d8680000,0x00000000d87e3f60,0x00000000d8b80000)
  to   space 12288K, 0% used [0x00000000db300000,0x00000000db300000,0x00000000dbf00000)
 ParOldGen       total 74240K, used 10479K [0x0000000081400000, 0x0000000085c80000, 0x00000000d5c00000)
  object space 74240K, 14% used [0x0000000081400000,0x0000000081e3bd80,0x0000000085c80000)
 Metaspace       used 24344K, capacity 25086K, committed 25216K, reserved 1071104K
  class space    used 3184K, capacity 3348K, committed 3456K, reserved 1048576K
}
Event: 2.077 GC heap before
{Heap before GC invocations=7 (full 1):
 PSYoungGen      total 48640K, used 44899K [0x00000000d5c00000, 0x00000000dbf00000, 0x0000000100000000)
  eden space 43520K, 99% used [0x00000000d5c00000,0x00000000d8674cc8,0x00000000d8680000)
  from space 5120K, 27% used [0x00000000d8680000,0x00000000d87e3f60,0x00000000d8b80000)
  to   space 12288K, 0% used [0x00000000db300000,0x00000000db300000,0x00000000dbf00000)
 ParOldGen       total 74240K, used 10479K [0x0000000081400000, 0x0000000085c80000, 0x00000000d5c00000)
  object space 74240K, 14% used [0x0000000081400000,0x0000000081e3bd80,0x0000000085c80000)
 Metaspace       used 24344K, capacity 25086K, committed 25216K, reserved 1071104K
  class space    used 3184K, capacity 3348K, committed 3456K, reserved 1048576K
Event: 2.079 GC heap after
Heap after GC invocations=7 (full 1):
 PSYoungGen      total 89600K, used 1414K [0x00000000d5c00000, 0x00000000dc080000, 0x0000000100000000)
  eden space 77312K, 0% used [0x00000000d5c00000,0x00000000d5c00000,0x00000000da780000)
  from space 12288K, 11% used [0x00000000db300000,0x00000000db461ad0,0x00000000dbf00000)
  to   space 11776K, 0% used [0x00000000da780000,0x00000000da780000,0x00000000db300000)
 ParOldGen       total 74240K, used 10479K [0x0000000081400000, 0x0000000085c80000, 0x00000000d5c00000)
  object space 74240K, 14% used [0x0000000081400000,0x0000000081e3bd80,0x0000000085c80000)
 Metaspace       used 24344K, capacity 25086K, committed 25216K, reserved 1071104K
  class space    used 3184K, capacity 3348K, committed 3456K, reserved 1048576K
}
Event: 2.103 GC heap before
{Heap before GC invocations=8 (full 1):
 PSYoungGen      total 89600K, used 78609K [0x00000000d5c00000, 0x00000000dc080000, 0x0000000100000000)
  eden space 77312K, 99% used [0x00000000d5c00000,0x00000000da762b30,0x00000000da780000)
  from space 12288K, 11% used [0x00000000db300000,0x00000000db461ad0,0x00000000dbf00000)
  to   space 11776K, 0% used [0x00000000da780000,0x00000000da780000,0x00000000db300000)
 ParOldGen       total 74240K, used 10479K [0x0000000081400000, 0x0000000085c80000, 0x00000000d5c00000)
  object space 74240K, 14% used [0x0000000081400000,0x0000000081e3bd80,0x0000000085c80000)
 Metaspace       used 24344K, capacity 25086K, committed 25216K, reserved 1071104K
  class space    used 3184K, capacity 3348K, committed 3456K, reserved 1048576K
Event: 2.105 GC heap after
Heap after GC invocations=8 (full 1):
 PSYoungGen      total 89088K, used 1481K [0x00000000d5c00000, 0x00000000df900000, 0x0000000100000000)
  eden space 77312K, 0% used [0x00000000d5c00000,0x00000000d5c00000,0x00000000da780000)
  from space 11776K, 12% used [0x00000000da780000,0x00000000da8f27b0,0x00000000db300000)
  to   space 10752K, 0% used [0x00000000dee80000,0x00000000dee80000,0x00000000df900000)
 ParOldGen       total 74240K, used 10479K [0x0000000081400000, 0x0000000085c80000, 0x00000000d5c00000)
  object space 74240K, 14% used [0x0000000081400000,0x0000000081e3bd80,0x0000000085c80000)
 Metaspace       used 24344K, capacity 25086K, committed 25216K, reserved 1071104K
  class space    used 3184K, capacity 3348K, committed 3456K, reserved 1048576K
}
Event: 2.928 GC heap before
{Heap before GC invocations=9 (full 1):
 PSYoungGen      total 89088K, used 78793K [0x00000000d5c00000, 0x00000000df900000, 0x0000000100000000)
  eden space 77312K, 100% used [0x00000000d5c00000,0x00000000da780000,0x00000000da780000)
  from space 11776K, 12% used [0x00000000da780000,0x00000000da8f27b0,0x00000000db300000)
  to   space 10752K, 0% used [0x00000000dee80000,0x00000000dee80000,0x00000000df900000)
 ParOldGen       total 74240K, used 10479K [0x0000000081400000, 0x0000000085c80000, 0x00000000d5c00000)
  object space 74240K, 14% used [0x0000000081400000,0x0000000081e3bd80,0x0000000085c80000)
 Metaspace       used 25706K, capacity 26586K, committed 26624K, reserved 1073152K
  class space    used 3352K, capacity 3554K, committed 3584K, reserved 1048576K
Event: 2.932 GC heap after
Heap after GC invocations=9 (full 1):
 PSYoungGen      total 142848K, used 6621K [0x00000000d5c00000, 0x00000000df600000, 0x0000000100000000)
  eden space 135168K, 0% used [0x00000000d5c00000,0x00000000d5c00000,0x00000000de000000)
  from space 7680K, 86% used [0x00000000dee80000,0x00000000df4f7460,0x00000000df600000)
  to   space 11264K, 0% used [0x00000000de000000,0x00000000de000000,0x00000000deb00000)
 ParOldGen       total 74240K, used 11574K [0x0000000081400000, 0x0000000085c80000, 0x00000000d5c00000)
  object space 74240K, 15% used [0x0000000081400000,0x0000000081f4db50,0x0000000085c80000)
 Metaspace       used 25706K, capacity 26586K, committed 26624K, reserved 1073152K
  class space    used 3352K, capacity 3554K, committed 3584K, reserved 1048576K
}

Deoptimization events (10 events):
Event: 2.234 Thread 0x000000001a2d9000 Uncommon trap: reason=bimorphic action=maybe_recompile pc=0x0000000003b5965c method=java.util.HashMap.putVal(ILjava/lang/Object;Ljava/lang/Object;ZZ)Ljava/lang/Object; @ 203
Event: 2.234 Thread 0x00000000226d7000 Uncommon trap: reason=predicate action=maybe_recompile pc=0x0000000003c049e8 method=java.util.regex.Pattern$SliceI.match(Ljava/util/regex/Matcher;ILjava/lang/CharSequence;)Z @ 21
Event: 2.256 Thread 0x000000001a2d9000 Uncommon trap: reason=class_check action=maybe_recompile pc=0x0000000003abdfb0 method=java.io.FilterInputStream.read()I @ 4
Event: 2.256 Thread 0x000000001a2d9000 Uncommon trap: reason=class_check action=maybe_recompile pc=0x0000000003abdfb0 method=java.io.FilterInputStream.read()I @ 4
Event: 2.256 Thread 0x000000001a2d9000 Uncommon trap: reason=class_check action=maybe_recompile pc=0x0000000003abdfb0 method=java.io.FilterInputStream.read()I @ 4
Event: 2.256 Thread 0x000000001a2d9000 Uncommon trap: reason=class_check action=maybe_recompile pc=0x0000000003abdfb0 method=java.io.FilterInputStream.read()I @ 4
Event: 2.417 Thread 0x000000001a2d9000 Uncommon trap: reason=unstable_if action=reinterpret pc=0x0000000003c627ac method=java.util.WeakHashMap.expungeStaleEntries()V @ 9
Event: 2.880 Thread 0x000000001a2d9000 Uncommon trap: reason=class_check action=maybe_recompile pc=0x0000000003c51ed4 method=com.sun.javafx.font.CompositeGlyphMapper.getSlotMapper(I)Lcom/sun/javafx/font/CharToGlyphMapper; @ 58
Event: 2.889 Thread 0x000000001a2d9000 Uncommon trap: reason=class_check action=maybe_recompile pc=0x0000000003c51ed4 method=com.sun.javafx.font.CompositeGlyphMapper.getSlotMapper(I)Lcom/sun/javafx/font/CharToGlyphMapper; @ 58
Event: 2.889 Thread 0x000000001a2d9000 Uncommon trap: reason=class_check action=maybe_recompile pc=0x0000000003c51ed4 method=com.sun.javafx.font.CompositeGlyphMapper.getSlotMapper(I)Lcom/sun/javafx/font/CharToGlyphMapper; @ 58

Internal exceptions (10 events):
Event: 2.892 Thread 0x000000001a2d9000 Exception <a 'java/io/FileNotFoundException'> (0x00000000da6be8c0) thrown at [C:\re\workspace\8-2-build-windows-amd64-cygwin\jdk8u141\9370\hotspot\src\share\vm\prims\jni.cpp, line 709]
Event: 2.903 Thread 0x000000001a2d9000 Exception <a 'java/io/FileNotFoundException'> (0x00000000da6e1ed0) thrown at [C:\re\workspace\8-2-build-windows-amd64-cygwin\jdk8u141\9370\hotspot\src\share\vm\prims\jni.cpp, line 709]
Event: 2.903 Thread 0x000000001a2d9000 Exception <a 'java/io/FileNotFoundException'> (0x00000000da6e2f40) thrown at [C:\re\workspace\8-2-build-windows-amd64-cygwin\jdk8u141\9370\hotspot\src\share\vm\prims\jni.cpp, line 709]
Event: 2.903 Thread 0x000000001a2d9000 Exception <a 'java/io/FileNotFoundException'> (0x00000000da6e4048) thrown at [C:\re\workspace\8-2-build-windows-amd64-cygwin\jdk8u141\9370\hotspot\src\share\vm\prims\jni.cpp, line 709]
Event: 2.903 Thread 0x000000001a2d9000 Exception <a 'java/io/FileNotFoundException'> (0x00000000da6e50a0) thrown at [C:\re\workspace\8-2-build-windows-amd64-cygwin\jdk8u141\9370\hotspot\src\share\vm\prims\jni.cpp, line 709]
Event: 2.910 Thread 0x000000001a2d9000 Exception <a 'java/io/FileNotFoundException'> (0x00000000da74cdd8) thrown at [C:\re\workspace\8-2-build-windows-amd64-cygwin\jdk8u141\9370\hotspot\src\share\vm\prims\jni.cpp, line 709]
Event: 2.910 Thread 0x000000001a2d9000 Exception <a 'java/io/FileNotFoundException'> (0x00000000da74de48) thrown at [C:\re\workspace\8-2-build-windows-amd64-cygwin\jdk8u141\9370\hotspot\src\share\vm\prims\jni.cpp, line 709]
Event: 2.910 Thread 0x000000001a2d9000 Exception <a 'java/io/FileNotFoundException'> (0x00000000da74ef50) thrown at [C:\re\workspace\8-2-build-windows-amd64-cygwin\jdk8u141\9370\hotspot\src\share\vm\prims\jni.cpp, line 709]
Event: 2.910 Thread 0x000000001a2d9000 Exception <a 'java/io/FileNotFoundException'> (0x00000000da74ffa8) thrown at [C:\re\workspace\8-2-build-windows-amd64-cygwin\jdk8u141\9370\hotspot\src\share\vm\prims\jni.cpp, line 709]
Event: 2.934 Thread 0x00000000226e4000 Exception <a 'java/lang/IllegalStateException'> (0x00000000d5cd4020) thrown at [C:\re\workspace\8-2-build-windows-amd64-cygwin\jdk8u141\9370\hotspot\src\share\vm\prims\jvm.cpp, line 1394]

Events (10 events):
Event: 2.933 loading class sun/java2d/pipe/hw/AccelDeviceEventNotifier done
Event: 2.933 loading class com/sun/javafx/tk/quantum/QuantumToolkit
Event: 2.933 loading class com/sun/javafx/tk/quantum/QuantumToolkit done
Event: 2.934 Thread 0x00000000226e4000 Thread exited: 0x00000000226e4000
Event: 2.945 Thread 0x000000001a259000 Thread exited: 0x000000001a259000
Event: 2.968 loading class java/lang/Throwable$WrappedPrintStream
Event: 2.968 loading class java/lang/Throwable$PrintStreamOrWriter
Event: 2.968 loading class java/lang/Throwable$PrintStreamOrWriter done
Event: 2.968 loading class java/lang/Throwable$WrappedPrintStream done
Event: 2.969 Thread 0x000000001a6fd000 Thread exited: 0x000000001a6fd000


Dynamic libraries:
0x00007ff770440000 - 0x00007ff770477000 	C:\Program Files\Java\jdk1.8.0_141\bin\java.exe
0x00007ffa0a940000 - 0x00007ffa0ab21000 	C:\WINDOWS\SYSTEM32\ntdll.dll
0x00007ffa08ac0000 - 0x00007ffa08b72000 	C:\WINDOWS\System32\KERNEL32.DLL
0x00007ffa076c0000 - 0x00007ffa07933000 	C:\WINDOWS\System32\KERNELBASE.dll
0x00007ffa07eb0000 - 0x00007ffa07f51000 	C:\WINDOWS\System32\ADVAPI32.dll
0x00007ffa07dd0000 - 0x00007ffa07e6e000 	C:\WINDOWS\System32\msvcrt.dll
0x00007ffa07f60000 - 0x00007ffa07fbb000 	C:\WINDOWS\System32\sechost.dll
0x00007ffa09010000 - 0x00007ffa09134000 	C:\WINDOWS\System32\RPCRT4.dll
0x00007ffa08710000 - 0x00007ffa088a0000 	C:\WINDOWS\System32\USER32.dll
0x00007ffa07940000 - 0x00007ffa07960000 	C:\WINDOWS\System32\win32u.dll
0x00007ffa07e70000 - 0x00007ffa07e98000 	C:\WINDOWS\System32\GDI32.dll
0x00007ffa07480000 - 0x00007ffa07612000 	C:\WINDOWS\System32\gdi32full.dll
0x00007ffa07620000 - 0x00007ffa076bf000 	C:\WINDOWS\System32\msvcp_win.dll
0x00007ffa07cd0000 - 0x00007ffa07dc8000 	C:\WINDOWS\System32\ucrtbase.dll
0x00007ff9f8e00000 - 0x00007ff9f9069000 	C:\WINDOWS\WinSxS\amd64_microsoft.windows.common-controls_6595b64144ccf1df_6.0.17134.648_none_fb45a0e93062a6d2\COMCTL32.dll
0x00007ffa08b80000 - 0x00007ffa08ea2000 	C:\WINDOWS\System32\combase.dll
0x00007ffa07960000 - 0x00007ffa079da000 	C:\WINDOWS\System32\bcryptPrimitives.dll
0x00007ffa08070000 - 0x00007ffa0809d000 	C:\WINDOWS\System32\IMM32.DLL
0x0000000060610000 - 0x00000000606e2000 	C:\Program Files\Java\jdk1.8.0_141\jre\bin\msvcr100.dll
0x000000005fd70000 - 0x000000006060d000 	C:\Program Files\Java\jdk1.8.0_141\jre\bin\server\jvm.dll
0x00007ffa08700000 - 0x00007ffa08708000 	C:\WINDOWS\System32\PSAPI.DLL
0x00007ff9d77b0000 - 0x00007ff9d77b9000 	C:\WINDOWS\SYSTEM32\WSOCK32.dll
0x00007ff9fd2b0000 - 0x00007ff9fd2d3000 	C:\WINDOWS\SYSTEM32\WINMM.dll
0x00007ffa031d0000 - 0x00007ffa031da000 	C:\WINDOWS\SYSTEM32\VERSION.dll
0x00007ffa080b0000 - 0x00007ffa0811c000 	C:\WINDOWS\System32\WS2_32.dll
0x00007ff9fbeb0000 - 0x00007ff9fbeda000 	C:\WINDOWS\SYSTEM32\WINMMBASE.dll
0x00007ffa079e0000 - 0x00007ffa07a29000 	C:\WINDOWS\System32\cfgmgr32.dll
0x000000005fd60000 - 0x000000005fd6f000 	C:\Program Files\Java\jdk1.8.0_141\jre\bin\verify.dll
0x000000005fd30000 - 0x000000005fd59000 	C:\Program Files\Java\jdk1.8.0_141\jre\bin\java.dll
0x000000005fcc0000 - 0x000000005fce3000 	C:\Program Files\Java\jdk1.8.0_141\jre\bin\instrument.dll
0x000000005fd10000 - 0x000000005fd26000 	C:\Program Files\Java\jdk1.8.0_141\jre\bin\zip.dll
0x00007ffa093a0000 - 0x00007ffa0a7e0000 	C:\WINDOWS\System32\SHELL32.dll
0x00007ffa07fc0000 - 0x00007ffa08069000 	C:\WINDOWS\System32\shcore.dll
0x00007ffa06d10000 - 0x00007ffa0741d000 	C:\WINDOWS\System32\windows.storage.dll
0x00007ffa09340000 - 0x00007ffa09391000 	C:\WINDOWS\System32\shlwapi.dll
0x00007ffa06cd0000 - 0x00007ffa06ce1000 	C:\WINDOWS\System32\kernel.appcore.dll
0x00007ffa06cb0000 - 0x00007ffa06ccf000 	C:\WINDOWS\System32\profapi.dll
0x00007ffa06c60000 - 0x00007ffa06cac000 	C:\WINDOWS\System32\powrprof.dll
0x00007ffa06c50000 - 0x00007ffa06c5a000 	C:\WINDOWS\System32\FLTLIB.DLL
0x00007ff9f4cf0000 - 0x00007ff9f4d0a000 	C:\Program Files\JetBrains\IntelliJ IDEA 2018.3.5\bin\breakgen64.dll
0x000000005fca0000 - 0x000000005fcba000 	C:\Program Files\Java\jdk1.8.0_141\jre\bin\net.dll
0x00007ffa06470000 - 0x00007ffa064d6000 	C:\WINDOWS\system32\mswsock.dll
0x00007ff9cdc80000 - 0x00007ff9cdd6f000 	C:\Program Files\Java\jdk1.8.0_141\jre\bin\msvcr120.dll
0x00007ff9f4660000 - 0x00007ff9f4706000 	C:\Program Files\Java\jdk1.8.0_141\jre\bin\msvcp120.dll
0x000000005fc70000 - 0x000000005fc92000 	C:\Program Files\Java\jdk1.8.0_141\jre\bin\prism_d3d.dll
0x00007ff9f69d0000 - 0x00007ff9f6b67000 	C:\WINDOWS\system32\d3d9.dll
0x00007ffa05060000 - 0x00007ffa05089000 	C:\WINDOWS\SYSTEM32\dwmapi.dll
0x00007ffa04e60000 - 0x00007ffa04ef8000 	C:\WINDOWS\system32\uxtheme.dll
0x00007ffa07ae0000 - 0x00007ffa07cc2000 	C:\WINDOWS\System32\crypt32.dll
0x00007ffa06cf0000 - 0x00007ffa06d02000 	C:\WINDOWS\System32\MSASN1.dll
0x00007ffa07420000 - 0x00007ffa07477000 	C:\WINDOWS\System32\WINTRUST.DLL
0x00007ffa08920000 - 0x00007ffa0893d000 	C:\WINDOWS\System32\imagehlp.dll
0x00007ffa06620000 - 0x00007ffa06637000 	C:\WINDOWS\SYSTEM32\CRYPTSP.dll
0x00007ffa06050000 - 0x00007ffa06083000 	C:\WINDOWS\system32\rsaenh.dll
0x00007ffa06750000 - 0x00007ffa06775000 	C:\WINDOWS\SYSTEM32\bcrypt.dll
0x00007ffa06640000 - 0x00007ffa0664b000 	C:\WINDOWS\SYSTEM32\CRYPTBASE.dll
0x000000005fc20000 - 0x000000005fc63000 	C:\Program Files\Java\jdk1.8.0_141\jre\bin\glass.dll
0x00007ffa08610000 - 0x00007ffa086fd000 	C:\WINDOWS\System32\COMDLG32.dll
0x00007ffa08eb0000 - 0x00007ffa09001000 	C:\WINDOWS\System32\ole32.dll
0x00007ffa0a840000 - 0x00007ffa0a903000 	C:\WINDOWS\System32\OLEAUT32.dll
0x00007ffa08940000 - 0x00007ffa08ab3000 	C:\WINDOWS\System32\MSCTF.dll
0x00007ff9f0de0000 - 0x00007ff9f0ea3000 	C:\Program Files (x86)\NVIDIA Corporation\3D Vision\nvSCPAPI64.dll
0x00007ffa08120000 - 0x00007ffa0856b000 	C:\WINDOWS\System32\SETUPAPI.dll
0x00007ff9c6fa0000 - 0x00007ff9c7247000 	C:\WINDOWS\system32\nvspcap64.dll
0x00007ff9fde20000 - 0x00007ff9fdfe9000 	C:\WINDOWS\SYSTEM32\dbghelp.dll
0x00007ff9fcd80000 - 0x00007ff9fcda9000 	C:\WINDOWS\SYSTEM32\dbgcore.DLL
0x00007ffa05d40000 - 0x00007ffa05d71000 	C:\WINDOWS\SYSTEM32\ntmarta.dll
0x00007ffa05920000 - 0x00007ffa05942000 	C:\WINDOWS\SYSTEM32\gpapi.dll
0x00007ffa02ce0000 - 0x00007ffa02d0e000 	C:\WINDOWS\SYSTEM32\cryptnet.dll
0x00007ffa06230000 - 0x00007ffa062ee000 	C:\WINDOWS\SYSTEM32\DNSAPI.dll
0x00007ffa07ea0000 - 0x00007ffa07ea8000 	C:\WINDOWS\System32\NSI.dll
0x00007ffa061f0000 - 0x00007ffa06228000 	C:\WINDOWS\SYSTEM32\IPHLPAPI.DLL
0x00007ffa02ab0000 - 0x00007ffa02aba000 	C:\Windows\System32\rasadhlp.dll
0x00007ffa00c80000 - 0x00007ffa00cf2000 	C:\WINDOWS\System32\fwpuclnt.dll
0x000000005fbd0000 - 0x000000005fbf4000 	C:\Program Files\Java\jdk1.8.0_141\jre\bin\sunec.dll
0x00007ffa02dd0000 - 0x00007ffa02de6000 	C:\WINDOWS\SYSTEM32\dhcpcsvc6.DLL
0x00007ffa03010000 - 0x00007ffa0302a000 	C:\WINDOWS\SYSTEM32\dhcpcsvc.DLL
0x000000005fc00000 - 0x000000005fc11000 	C:\Program Files\Java\jdk1.8.0_141\jre\bin\nio.dll
0x00007ffa06b80000 - 0x00007ffa06ba8000 	C:\WINDOWS\SYSTEM32\USERENV.dll
0x000000005fbc0000 - 0x000000005fbcb000 	C:\Program Files\Java\jdk1.8.0_141\jre\bin\sunmscapi.dll
0x000000005fa20000 - 0x000000005fbb8000 	C:\Program Files\Java\jdk1.8.0_141\jre\bin\awt.dll
0x00007ffa04c90000 - 0x00007ffa04d1b000 	C:\WINDOWS\SYSTEM32\apphelp.dll
0x00007ff9cc870000 - 0x00007ff9cc990000 	C:\WINDOWS\system32\opengl32.dll
0x00007ff9f4940000 - 0x00007ff9f496c000 	C:\WINDOWS\SYSTEM32\GLU32.dll
0x000000005f9d0000 - 0x000000005fa17000 	C:\Program Files\Java\jdk1.8.0_141\jre\bin\fontmanager.dll
0x00007ff9f7180000 - 0x00007ff9f7216000 	C:\WINDOWS\System32\TextInputFramework.dll
0x00007ff9f7220000 - 0x00007ff9f753e000 	C:\WINDOWS\System32\CoreUIComponents.dll
0x00007ffa03850000 - 0x00007ffa0392a000 	C:\WINDOWS\System32\CoreMessaging.dll
0x00007ffa01c20000 - 0x00007ffa01d6d000 	C:\WINDOWS\SYSTEM32\wintypes.dll
0x000000005f9b0000 - 0x000000005f9c4000 	C:\Program Files\Java\jdk1.8.0_141\jre\bin\javafx_font.dll
0x00007ff9f05f0000 - 0x00007ff9f090c000 	C:\WINDOWS\SYSTEM32\dwrite.dll
0x000000005cfa0000 - 0x000000005f754000 	C:\Program Files\Java\jdk1.8.0_141\jre\bin\jfxwebkit.dll
0x00007ffa08570000 - 0x00007ffa08610000 	C:\WINDOWS\System32\clbcatq.dll
0x00007ff9f60b0000 - 0x00007ff9f625e000 	C:\WINDOWS\SYSTEM32\WindowsCodecs.dll
0x00007ff9d65f0000 - 0x00007ff9d6648000 	C:\WINDOWS\system32\dataexchange.dll
0x00007ffa04690000 - 0x00007ffa0482c000 	C:\WINDOWS\system32\dcomp.dll
0x00007ffa03d60000 - 0x00007ffa0406b000 	C:\WINDOWS\system32\d3d11.dll
0x00007ffa05ae0000 - 0x00007ffa05b9b000 	C:\WINDOWS\system32\dxgi.dll
0x00007ffa05090000 - 0x00007ffa05248000 	C:\WINDOWS\system32\twinapi.appcore.dll
0x00007ffa04fe0000 - 0x00007ffa05009000 	C:\WINDOWS\system32\RMCLIENT.dll
0x000000005f930000 - 0x000000005f9a3000 	C:\Program Files\Java\jdk1.8.0_141\jre\bin\glib-lite.dll
0x000000005cf00000 - 0x000000005cf9c000 	C:\Program Files\Java\jdk1.8.0_141\jre\bin\gstreamer-lite.dll
0x00007ff9cd400000 - 0x00007ff9cd48f000 	C:\WINDOWS\SYSTEM32\DSOUND.dll
0x000000005f900000 - 0x000000005f925000 	C:\Program Files\Java\jdk1.8.0_141\jre\bin\jfxmedia.dll
0x000000005f8e0000 - 0x000000005f8f1000 	C:\Program Files\Java\jdk1.8.0_141\jre\bin\prism_common.dll

VM Arguments:
jvm_args: -javaagent:C:\Program Files\JetBrains\IntelliJ IDEA 2018.3.5\lib\idea_rt.jar=63791:C:\Program Files\JetBrains\IntelliJ IDEA 2018.3.5\bin -Dfile.encoding=UTF-8 
java_command: sample.Main
java_class_path (initial): C:\Program Files\Java\jdk1.8.0_141\jre\lib\charsets.jar;C:\Program Files\Java\jdk1.8.0_141\jre\lib\deploy.jar;C:\Program Files\Java\jdk1.8.0_141\jre\lib\ext\access-bridge-64.jar;C:\Program Files\Java\jdk1.8.0_141\jre\lib\ext\cldrdata.jar;C:\Program Files\Java\jdk1.8.0_141\jre\lib\ext\dnsns.jar;C:\Program Files\Java\jdk1.8.0_141\jre\lib\ext\jaccess.jar;C:\Program Files\Java\jdk1.8.0_141\jre\lib\ext\jfxrt.jar;C:\Program Files\Java\jdk1.8.0_141\jre\lib\ext\localedata.jar;C:\Program Files\Java\jdk1.8.0_141\jre\lib\ext\nashorn.jar;C:\Program Files\Java\jdk1.8.0_141\jre\lib\ext\sunec.jar;C:\Program Files\Java\jdk1.8.0_141\jre\lib\ext\sunjce_provider.jar;C:\Program Files\Java\jdk1.8.0_141\jre\lib\ext\sunmscapi.jar;C:\Program Files\Java\jdk1.8.0_141\jre\lib\ext\sunpkcs11.jar;C:\Program Files\Java\jdk1.8.0_141\jre\lib\ext\zipfs.jar;C:\Program Files\Java\jdk1.8.0_141\jre\lib\javaws.jar;C:\Program Files\Java\jdk1.8.0_141\jre\lib\jce.jar;C:\Program Files\Java\jdk1.8.0_141\jre\lib\jfr.jar;C:\Program Files\Java\jdk1.8.0_141\jre\lib\jfxswt.jar;C:\Program Files\Java\jdk1.8.0_141\jre\lib\jsse.jar;C:\Program Files\Java\jdk1.8.0_141\jre\lib\management-agent.jar;C:\Program Files\Java\jdk1.8.0_141\jre\lib\plugin.jar;C:\Program Files\Java\jdk1.8.0_141\jre\lib\resources.jar;C:\Program Files\Java\jdk1.8.0_141\jre\lib\rt.jar;C:\Users\Clarkus\IdeaProjects\CitiesInfo\out\production\CitiesInfo;C:\Users\Clarkus\Documents\ExternalJars\json-simple-1.1.1.jar;C:\Users\Clarkus\Documents\ExternalJars\jsoup-1.11.3.jar;C:\Program Files\JetBrains\IntelliJ IDEA 2018.3.5\lib\idea_rt.jar
Launcher Type: SUN_STANDARD

Environment Variables:
PATH=C:\Program Files\Microsoft MPI\Bin\;C:\Program Files\MySQL\Connector ODBC 8.0;C:\Program Files (x86)\Common Files\Oracle\Java\javapath;C:\oraclexe\app\oracle\product\11.2.0\server\bin;C:\ProgramData\Oracle\Java\javapath;C:\Program Files\Java\jdk1.8.0_141\bin;C:\WINDOWS\system32;C:\WINDOWS;C:\WINDOWS\System32\Wbem;C:\WINDOWS\System32\WindowsPowerShell\v1.0\;C:\Users\Clarkus\.dnx\bin;C:\Program Files\Microsoft DNX\Dnvm\;C:\Program Files (x86)\NVIDIA Corporation\PhysX\Common;C:\WINDOWS\system32;C:\WINDOWS;C:\WINDOWS\System32\Wbem;C:\WINDOWS\System32\WindowsPowerShell\v1.0\;C:\Program Files (x86)\Skype\Phone\;C:\Program Files\Microsoft SQL Server\130\Tools\Binn\;C:\Program Files\dotnet\;C:\Program Files\nodejs\;C:\Program Files\Git\cmd;C:\Program Files\Microsoft SQL Server\Client SDK\ODBC\130\Tools\Binn\;C:\Program Files (x86)\Microsoft SQL Server\140\Tools\Binn\;C:\Program Files\Microsoft SQL Server\140\Tools\Binn\;C:\Program Files\Microsoft SQL Server\140\DTS\Binn\;C:\Program Files (x86)\Microsoft SQL Server\Client SDK\ODBC\130\Tools\Binn\;C:\Program Files (x86)\Microsoft SQL Server\140\DTS\Binn\;C:\Program Files (x86)\Microsoft SQL Server\140\Tools\Binn\ManagementStudio\;C:\Program Files\NVIDIA Corporation\NVIDIA NvDLISR;C:\Flutter\Flutter\bin;C:\Users\Clarkus\AppData\Local\Microsoft\WindowsApps;C:\Users\Clarkus\AppData\Roaming\npm;C:\Gradle\bin;C:\Users\Clarkus\AppData\Local\GitHubDesktop\bin
USERNAME=Clarkus
OS=Windows_NT
PROCESSOR_IDENTIFIER=Intel64 Family 6 Model 60 Stepping 3, GenuineIntel



---------------  S Y S T E M  ---------------

OS: Windows 10.0 , 64 bit Build 17134 (10.0.17134.648)

CPU:total 4 (initial active 4) (4 cores per cpu, 1 threads per core) family 6 model 60 stepping 3, cmov, cx8, fxsr, mmx, sse, sse2, sse3, ssse3, sse4.1, sse4.2, popcnt, avx, avx2, aes, clmul, erms, lzcnt, tsc, tscinvbit, bmi1, bmi2

Memory: 4k page, physical 8305908k(2894600k free), swap 15366764k(4508004k free)

vm_info: Java HotSpot(TM) 64-Bit Server VM (25.141-b15) for windows-amd64 JRE (1.8.0_141-b15), built on Jul 12 2017 04:25:12 by "java_re" with MS VC++ 10.0 (VS2010)

time: Thu Mar 28 18:43:59 2019
elapsed time: 3 seconds (0d 0h 0m 3s)

